<?xml version="1.0" encoding="UTF-8"?>
<!-- Generated by org.testng.reporters.JUnitReportReporter -->
<testsuite hostname="DESKTOP-11MDM02" failures="0" tests="1" name="almosafer.SearchResultsPage" time="153.876" errors="0" timestamp="2024-05-15T00:29:23 EET" skipped="0">
  <testcase classname="almosafer.SearchResultsPage" name="CheakSearchResults" time="153.876"/>
  <system-out/>
</testsuite> <!-- almosafer.SearchResultsPage -->
