<?xml version="1.0" encoding="UTF-8"?>
<!-- Generated by org.testng.reporters.JUnitReportReporter -->
<testsuite hostname="DESKTOP-11MDM02" failures="0" tests="4" name="Random_Language" time="82.973" errors="0" timestamp="2024-05-05T03:44:22 EET" skipped="0">
  <testcase classname="Random_Language" name="CheakRandomlanguage" time="6.923"/>
  <system-out/>
  <testcase classname="Random_Language" name="CheakRandomlanguage" time="6.971"/>
  <system-out/>
  <testcase classname="Random_Language" name="CheakRandomlanguage" time="32.126"/>
  <system-out/>
  <testcase classname="Random_Language" name="CheakRandomlanguage" time="36.953"/>
  <system-out/>
</testsuite> <!-- Random_Language -->
