<?xml version="1.0" encoding="UTF-8"?>
<!-- Generated by org.testng.reporters.JUnitReportReporter -->
<testsuite hostname="DESKTOP-11MDM02" failures="0" tests="1" name="almosafer.HotelSearch" time="12.595" errors="0" timestamp="2024-05-15T00:51:18 EET" skipped="0">
  <testcase classname="almosafer.HotelSearch" name="CheakHotelSearch" time="12.595"/>
  <system-out/>
</testsuite> <!-- almosafer.HotelSearch -->
