<?xml version="1.0" encoding="UTF-8"?>
<!-- Generated by org.testng.reporters.JUnitReportReporter -->
<testsuite hostname="DESKTOP-11MDM02" failures="0" tests="1" name="HotelSearch" time="11.553" errors="0" timestamp="2024-05-12T01:29:59 EET" skipped="0">
  <testcase classname="HotelSearch" name="CheakHotelSearch" time="11.553"/>
  <system-out/>
</testsuite> <!-- HotelSearch -->
