<?xml version="1.0" encoding="UTF-8"?>
<!-- Generated by org.testng.reporters.JUnitReportReporter -->
<testsuite hostname="DESKTOP-11MDM02" failures="0" tests="2" name="HomePage" time="6.803" errors="0" timestamp="2024-05-05T00:48:34 EET" skipped="0">
  <testcase classname="HomePage" name="CheckLogo" time="3.513"/>
  <system-out/>
  <testcase classname="HomePage" name="CheakContactNumbers" time="3.290"/>
  <system-out/>
</testsuite> <!-- HomePage -->
