<?xml version="1.0" encoding="UTF-8"?>
<!-- Generated by org.testng.reporters.JUnitReportReporter -->
<testsuite hostname="DESKTOP-11MDM02" failures="0" tests="1" name="SortingByLowestPrice" time="147.147" errors="0" timestamp="2024-05-11T19:16:22 EET" skipped="0">
  <testcase classname="SortingByLowestPrice" name="CheskSortingByLowestPrice" time="147.147"/>
  <system-out/>
</testsuite> <!-- SortingByLowestPrice -->
