<?xml version="1.0" encoding="UTF-8"?>
<!-- Generated by org.testng.reporters.JUnitReportReporter -->
<testsuite hostname="DESKTOP-11MDM02" failures="0" tests="1" name="almosafer.NavigateURL" time="5.099" errors="0" timestamp="2024-05-15T00:29:23 EET" skipped="0">
  <testcase classname="almosafer.NavigateURL" name="CheakNavigateURL" time="5.099"/>
  <system-out/>
</testsuite> <!-- almosafer.NavigateURL -->
