<?xml version="1.0" encoding="UTF-8"?>
<!-- Generated by org.testng.reporters.JUnitReportReporter -->
<testsuite hostname="DESKTOP-11MDM02" failures="0" tests="1" name="NavigateURL" time="0.051" errors="0" timestamp="2024-05-05T04:05:49 EET" skipped="0">
  <testcase classname="NavigateURL" name="CheakNavigateURL" time="0.051"/>
  <system-out/>
</testsuite> <!-- NavigateURL -->
