<?xml version="1.0" encoding="UTF-8"?>
<!-- Generated by org.testng.reporters.JUnitReportReporter -->
<testsuite hostname="DESKTOP-11MDM02" failures="0" tests="2" name="Random_Language" time="51.194" errors="0" timestamp="2024-05-12T00:58:54 EET" skipped="0">
  <testcase classname="Random_Language" name="CheakRandomlanguage" time="28.249"/>
  <system-out/>
  <testcase classname="Random_Language" name="CheakRandomlanguage" time="22.945"/>
  <system-out/>
</testsuite> <!-- Random_Language -->
