<?xml version="1.0" encoding="UTF-8"?>
<!-- Generated by org.testng.reporters.JUnitReportReporter -->
<testsuite hostname="DESKTOP-11MDM02" failures="0" tests="1" name="RandomlySelectRoom" time="54.270" errors="0" timestamp="2024-05-07T01:00:54 EET" skipped="0">
  <testcase classname="RandomlySelectRoom" name="CheakRandomSelect" time="54.270"/>
  <system-out/>
</testsuite> <!-- RandomlySelectRoom -->
