<?xml version="1.0" encoding="UTF-8"?>
<!-- Generated by org.testng.reporters.JUnitReportReporter -->
<testsuite hostname="DESKTOP-11MDM02" failures="0" tests="7" name="HomePage" time="40.669" errors="0" timestamp="2024-05-12T17:41:27 EET" skipped="0">
  <testcase classname="HomePage" name="FlightDepartureDate" time="6.810"/>
  <system-out/>
  <testcase classname="HomePage" name="FlightReturnDate" time="5.100"/>
  <system-out/>
  <testcase classname="HomePage" name="CheckHotelsNOTSelected" time="8.117"/>
  <system-out/>
  <testcase classname="HomePage" name="CheckDefaultlanguageEN" time="2.093"/>
  <system-out/>
  <testcase classname="HomePage" name="CheckDefaultCurrency" time="2.105"/>
  <system-out/>
  <testcase classname="HomePage" name="CheckLogo" time="7.174"/>
  <system-out/>
  <testcase classname="HomePage" name="CheakContactNumbers" time="9.270"/>
  <system-out/>
</testsuite> <!-- HomePage -->
