<?xml version="1.0" encoding="UTF-8"?>
<!-- Generated by org.testng.reporters.JUnitReportReporter -->
<testsuite hostname="DESKTOP-11MDM02" failures="0" tests="1" name="SearchResultsPage" time="117.091" errors="0" timestamp="2024-05-11T00:49:50 EET" skipped="0">
  <testcase classname="SearchResultsPage" name="CheakSearchResults" time="117.091"/>
  <system-out/>
</testsuite> <!-- SearchResultsPage -->
