<?xml version="1.0" encoding="UTF-8"?>
<!-- Generated by org.testng.reporters.JUnitReportReporter -->
<testsuite hostname="DESKTOP-11MDM02" failures="0" tests="1" name="almosafer.Random_Language" time="21.490" errors="0" timestamp="2024-05-15T00:29:24 EET" skipped="0">
  <testcase classname="almosafer.Random_Language" name="CheakRandomlanguage" time="21.490"/>
  <system-out/>
</testsuite> <!-- almosafer.Random_Language -->
